<?xml version="1.0" encoding="UTF-8"?>
<!-- Generated by org.testng.reporters.JUnitReportReporter -->
<testsuite skipped="0" hostname="DESKTOP-E9AFF41" name="automation.api.TestClass" tests="1" failures="0" timestamp="09 Mar 2020 15:37:48 GMT" time="558.138" errors="0">
  <testcase name="compareAPITest" time="558.138" classname="automation.api.TestClass"/>
</testsuite> <!-- automation.api.TestClass -->
